# JRE version: OpenJDK Runtime Environment (11.0.2+9) (build 11.0.2+9)
# Java VM: OpenJDK 64-Bit Server VM (11.0.2+9, mixed mode, tiered, compressed oops, g1 gc, windows-amd64)
Heap:
 garbage-first heap   total 95232K, used 44470K [0x00000000c1600000, 0x0000000100000000)
  region size 1024K, 3 young (3072K), 3 survivors (3072K)
 Metaspace       used 26648K, capacity 27659K, committed 27900K, reserved 1073152K
  class space    used 3345K, capacity 3777K, committed 3840K, reserved 1048576K
GC Heap History (10 events):
Event: 2.385 GC heap after
{Heap after GC invocations=4 (full 0):
 garbage-first heap   total 65536K, used 22528K [0x00000000c1600000, 0x0000000100000000)
  region size 1024K, 3 young (3072K), 3 survivors (3072K)
 Metaspace       used 15811K, capacity 16319K, committed 16640K, reserved 1064960K
  class space    used 1767K, capacity 1964K, committed 2048K, reserved 1048576K
}
Event: 2.512 GC heap before
{Heap before GC invocations=4 (full 0):
 garbage-first heap   total 65536K, used 39936K [0x00000000c1600000, 0x0000000100000000)
  region size 1024K, 20 young (20480K), 3 survivors (3072K)
 Metaspace       used 15812K, capacity 16319K, committed 16640K, reserved 1064960K
  class space    used 1767K, capacity 1964K, committed 2048K, reserved 1048576K
}
Event: 2.524 GC heap after
{Heap after GC invocations=5 (full 0):
 garbage-first heap   total 78848K, used 28611K [0x00000000c1600000, 0x0000000100000000)
  region size 1024K, 3 young (3072K), 3 survivors (3072K)
 Metaspace       used 15812K, capacity 16319K, committed 16640K, reserved 1064960K
  class space    used 1767K, capacity 1964K, committed 2048K, reserved 1048576K
}
Event: 3.092 GC heap before
{Heap before GC invocations=5 (full 0):
 garbage-first heap   total 78848K, used 48067K [0x00000000c1600000, 0x0000000100000000)
  region size 1024K, 22 young (22528K), 3 survivors (3072K)
 Metaspace       used 17390K, capacity 17838K, committed 17920K, reserved 1064960K
  class space    used 2100K, capacity 2299K, committed 2304K, reserved 1048576K
}
Event: 3.104 GC heap after
{Heap after GC invocations=6 (full 0):
 garbage-first heap   total 78848K, used 35581K [0x00000000c1600000, 0x0000000100000000)
  region size 1024K, 3 young (3072K), 3 survivors (3072K)
 Metaspace       used 17390K, capacity 17838K, committed 17920K, reserved 1064960K
  class space    used 2100K, capacity 2299K, committed 2304K, reserved 1048576K
}
Event: 3.878 GC heap before
{Heap before GC invocations=6 (full 0):
 garbage-first heap   total 78848K, used 42749K [0x00000000c1600000, 0x0000000100000000)
  region size 1024K, 11 young (11264K), 3 survivors (3072K)
 Metaspace       used 20525K, capacity 21109K, committed 21248K, reserved 1067008K
  class space    used 2537K, capacity 2785K, committed 2816K, reserved 1048576K
}
Event: 3.885 GC heap after
{Heap after GC invocations=7 (full 0):
 garbage-first heap   total 78848K, used 36527K [0x00000000c1600000, 0x0000000100000000)
  region size 1024K, 1 young (1024K), 1 survivors (1024K)
 Metaspace       used 20525K, capacity 21109K, committed 21248K, reserved 1067008K
  class space    used 2537K, capacity 2785K, committed 2816K, reserved 1048576K
}
Event: 4.980 GC heap before
{Heap before GC invocations=8 (full 0):
 garbage-first heap   total 78848K, used 49839K [0x00000000c1600000, 0x0000000100000000)
  region size 1024K, 15 young (15360K), 1 survivors (1024K)
 Metaspace       used 24562K, capacity 25516K, committed 25596K, reserved 1071104K
  class space    used 3133K, capacity 3551K, committed 3584K, reserved 1048576K
}
Event: 4.988 GC heap after
{Heap after GC invocations=9 (full 0):
 garbage-first heap   total 78848K, used 38327K [0x00000000c1600000, 0x0000000100000000)
  region size 1024K, 2 young (2048K), 2 survivors (2048K)
 Metaspace       used 24562K, capacity 25516K, committed 25596K, reserved 1071104K
  class space    used 3133K, capacity 3551K, committed 3584K, reserved 1048576K
}
Event: 19.381 GC heap before
{Heap before GC invocations=10 (full 0):
 garbage-first heap   total 78848K, used 54711K [0x00000000c1600000, 0x0000000100000000)
  region size 1024K, 17 young (17408K), 2 survivors (2048K)
 Metaspace       used 26648K, capacity 27659K, committed 27900K, reserved 1073152K
  class space    used 3345K, capacity 3777K, committed 3840K, reserved 1048576K
}

