# JRE version: OpenJDK Runtime Environment (11.0.2+9) (build 11.0.2+9)
# Java VM: OpenJDK 64-Bit Server VM (11.0.2+9, mixed mode, tiered, compressed oops, g1 gc, windows-amd64)
Heap:
 garbage-first heap   total 78848K, used 48957K [0x00000000c1600000, 0x0000000100000000)
  region size 1024K, 13 young (13312K), 3 survivors (3072K)
 Metaspace       used 26925K, capacity 27927K, committed 28184K, reserved 1073152K
  class space    used 3352K, capacity 3777K, committed 3864K, reserved 1048576K
GC Heap History (10 events):
Event: 2.814 GC heap before
{Heap before GC invocations=4 (full 0):
 garbage-first heap   total 65536K, used 41984K [0x00000000c1600000, 0x0000000100000000)
  region size 1024K, 21 young (21504K), 3 survivors (3072K)
 Metaspace       used 15814K, capacity 16319K, committed 16640K, reserved 1064960K
  class space    used 1767K, capacity 1964K, committed 2048K, reserved 1048576K
}
Event: 2.825 GC heap after
{Heap after GC invocations=5 (full 0):
 garbage-first heap   total 65536K, used 30720K [0x00000000c1600000, 0x0000000100000000)
  region size 1024K, 3 young (3072K), 3 survivors (3072K)
 Metaspace       used 15814K, capacity 16319K, committed 16640K, reserved 1064960K
  class space    used 1767K, capacity 1964K, committed 2048K, reserved 1048576K
}
Event: 3.419 GC heap before
{Heap before GC invocations=5 (full 0):
 garbage-first heap   total 65536K, used 46080K [0x00000000c1600000, 0x0000000100000000)
  region size 1024K, 18 young (18432K), 3 survivors (3072K)
 Metaspace       used 19897K, capacity 20581K, committed 20864K, reserved 1067008K
  class space    used 2380K, capacity 2654K, committed 2688K, reserved 1048576K
}
Event: 3.431 GC heap after
{Heap after GC invocations=6 (full 0):
 garbage-first heap   total 78848K, used 34054K [0x00000000c1600000, 0x0000000100000000)
  region size 1024K, 3 young (3072K), 3 survivors (3072K)
 Metaspace       used 19897K, capacity 20581K, committed 20864K, reserved 1067008K
  class space    used 2380K, capacity 2654K, committed 2688K, reserved 1048576K
}
Event: 3.523 GC heap before
{Heap before GC invocations=6 (full 0):
 garbage-first heap   total 78848K, used 35078K [0x00000000c1600000, 0x0000000100000000)
  region size 1024K, 5 young (5120K), 3 survivors (3072K)
 Metaspace       used 20582K, capacity 21221K, committed 21296K, reserved 1069056K
  class space    used 2504K, capacity 2783K, committed 2816K, reserved 1048576K
}
Event: 3.528 GC heap after
{Heap after GC invocations=7 (full 0):
 garbage-first heap   total 78848K, used 34792K [0x00000000c1600000, 0x0000000100000000)
  region size 1024K, 1 young (1024K), 1 survivors (1024K)
 Metaspace       used 20582K, capacity 21221K, committed 21296K, reserved 1069056K
  class space    used 2504K, capacity 2783K, committed 2816K, reserved 1048576K
}
Event: 4.087 GC heap before
{Heap before GC invocations=8 (full 0):
 garbage-first heap   total 78848K, used 44008K [0x00000000c1600000, 0x0000000100000000)
  region size 1024K, 11 young (11264K), 1 survivors (1024K)
 Metaspace       used 23095K, capacity 23998K, committed 24344K, reserved 1071104K
  class space    used 2881K, capacity 3261K, committed 3352K, reserved 1048576K
}
Event: 4.092 GC heap after
{Heap after GC invocations=9 (full 0):
 garbage-first heap   total 78848K, used 35892K [0x00000000c1600000, 0x0000000100000000)
  region size 1024K, 2 young (2048K), 2 survivors (2048K)
 Metaspace       used 23095K, capacity 23998K, committed 24344K, reserved 1071104K
  class space    used 2881K, capacity 3261K, committed 3352K, reserved 1048576K
}
Event: 10.663 GC heap before
{Heap before GC invocations=10 (full 0):
 garbage-first heap   total 78848K, used 53300K [0x00000000c1600000, 0x0000000100000000)
  region size 1024K, 18 young (18432K), 2 survivors (2048K)
 Metaspace       used 24818K, capacity 25843K, committed 26136K, reserved 1071104K
  class space    used 3076K, capacity 3516K, committed 3608K, reserved 1048576K
}
Event: 10.671 GC heap after
{Heap after GC invocations=11 (full 0):
 garbage-first heap   total 78848K, used 39741K [0x00000000c1600000, 0x0000000100000000)
  region size 1024K, 3 young (3072K), 3 survivors (3072K)
 Metaspace       used 24818K, capacity 25843K, committed 26136K, reserved 1071104K
  class space    used 3076K, capacity 3516K, committed 3608K, reserved 1048576K
}

