# JRE version: OpenJDK Runtime Environment (11.0.2+9) (build 11.0.2+9)
# Java VM: OpenJDK 64-Bit Server VM (11.0.2+9, mixed mode, tiered, compressed oops, g1 gc, windows-amd64)
Heap:
 garbage-first heap   total 78848K, used 54492K [0x00000000c1600000, 0x0000000100000000)
  region size 1024K, 17 young (17408K), 2 survivors (2048K)
 Metaspace       used 32607K, capacity 33692K, committed 33920K, reserved 1079296K
  class space    used 4033K, capacity 4479K, committed 4480K, reserved 1048576K
GC Heap History (10 events):
Event: 3.288 GC heap before
{Heap before GC invocations=4 (full 0):
 garbage-first heap   total 65536K, used 39307K [0x00000000c1600000, 0x0000000100000000)
  region size 1024K, 23 young (23552K), 4 survivors (4096K)
 Metaspace       used 15800K, capacity 16255K, committed 16384K, reserved 1062912K
  class space    used 1768K, capacity 1964K, committed 2048K, reserved 1048576K
}
Event: 3.303 GC heap after
{Heap after GC invocations=5 (full 0):
 garbage-first heap   total 65536K, used 26513K [0x00000000c1600000, 0x0000000100000000)
  region size 1024K, 3 young (3072K), 3 survivors (3072K)
 Metaspace       used 15800K, capacity 16255K, committed 16384K, reserved 1062912K
  class space    used 1768K, capacity 1964K, committed 2048K, reserved 1048576K
}
Event: 3.426 GC heap before
{Heap before GC invocations=5 (full 0):
 garbage-first heap   total 65536K, used 41873K [0x00000000c1600000, 0x0000000100000000)
  region size 1024K, 19 young (19456K), 3 survivors (3072K)
 Metaspace       used 15800K, capacity 16255K, committed 16384K, reserved 1062912K
  class space    used 1768K, capacity 1964K, committed 2048K, reserved 1048576K
}
Event: 3.439 GC heap after
{Heap after GC invocations=6 (full 0):
 garbage-first heap   total 78848K, used 32425K [0x00000000c1600000, 0x0000000100000000)
  region size 1024K, 3 young (3072K), 3 survivors (3072K)
 Metaspace       used 15800K, capacity 16255K, committed 16384K, reserved 1062912K
  class space    used 1768K, capacity 1964K, committed 2048K, reserved 1048576K
}
Event: 4.678 GC heap before
{Heap before GC invocations=6 (full 0):
 garbage-first heap   total 78848K, used 44713K [0x00000000c1600000, 0x0000000100000000)
  region size 1024K, 16 young (16384K), 3 survivors (3072K)
 Metaspace       used 20643K, capacity 21183K, committed 21248K, reserved 1069056K
  class space    used 2289K, capacity 2516K, committed 2560K, reserved 1048576K
}
Event: 4.692 GC heap after
{Heap after GC invocations=7 (full 0):
 garbage-first heap   total 78848K, used 35502K [0x00000000c1600000, 0x0000000100000000)
  region size 1024K, 3 young (3072K), 3 survivors (3072K)
 Metaspace       used 20643K, capacity 21183K, committed 21248K, reserved 1069056K
  class space    used 2289K, capacity 2516K, committed 2560K, reserved 1048576K
}
Event: 5.914 GC heap before
{Heap before GC invocations=8 (full 0):
 garbage-first heap   total 78848K, used 51886K [0x00000000c1600000, 0x0000000100000000)
  region size 1024K, 20 young (20480K), 3 survivors (3072K)
 Metaspace       used 27347K, capacity 28074K, committed 28160K, reserved 1073152K
  class space    used 3237K, capacity 3546K, committed 3584K, reserved 1048576K
}
Event: 5.927 GC heap after
{Heap after GC invocations=9 (full 0):
 garbage-first heap   total 78848K, used 37440K [0x00000000c1600000, 0x0000000100000000)
  region size 1024K, 2 young (2048K), 2 survivors (2048K)
 Metaspace       used 27347K, capacity 28074K, committed 28160K, reserved 1073152K
  class space    used 3237K, capacity 3546K, committed 3584K, reserved 1048576K
}
Event: 6.664 GC heap before
{Heap before GC invocations=10 (full 0):
 garbage-first heap   total 78848K, used 47680K [0x00000000c1600000, 0x0000000100000000)
  region size 1024K, 13 young (13312K), 2 survivors (2048K)
 Metaspace       used 30194K, capacity 31189K, committed 31232K, reserved 1077248K
  class space    used 3680K, capacity 4073K, committed 4096K, reserved 1048576K
}
Event: 6.673 GC heap after
{Heap after GC invocations=11 (full 0):
 garbage-first heap   total 78848K, used 39132K [0x00000000c1600000, 0x0000000100000000)
  region size 1024K, 2 young (2048K), 2 survivors (2048K)
 Metaspace       used 30194K, capacity 31189K, committed 31232K, reserved 1077248K
  class space    used 3680K, capacity 4073K, committed 4096K, reserved 1048576K
}

