# JRE version: OpenJDK Runtime Environment (11.0.2+9) (build 11.0.2+9)
# Java VM: OpenJDK 64-Bit Server VM (11.0.2+9, mixed mode, tiered, compressed oops, g1 gc, windows-amd64)
Heap:
 garbage-first heap   total 96256K, used 49306K [0x00000000c1600000, 0x0000000100000000)
  region size 1024K, 12 young (12288K), 3 survivors (3072K)
 Metaspace       used 32657K, capacity 33710K, committed 34048K, reserved 1079296K
  class space    used 4042K, capacity 4491K, committed 4608K, reserved 1048576K
GC Heap History (10 events):
Event: 3.251 GC heap before
{Heap before GC invocations=5 (full 0):
 garbage-first heap   total 78848K, used 43870K [0x00000000c1600000, 0x0000000100000000)
  region size 1024K, 25 young (25600K), 3 survivors (3072K)
 Metaspace       used 15811K, capacity 16319K, committed 16640K, reserved 1064960K
  class space    used 1768K, capacity 1964K, committed 2048K, reserved 1048576K
}
Event: 3.265 GC heap after
{Heap after GC invocations=6 (full 0):
 garbage-first heap   total 78848K, used 28672K [0x00000000c1600000, 0x0000000100000000)
  region size 1024K, 4 young (4096K), 4 survivors (4096K)
 Metaspace       used 15811K, capacity 16319K, committed 16640K, reserved 1064960K
  class space    used 1768K, capacity 1964K, committed 2048K, reserved 1048576K
}
Event: 3.870 GC heap before
{Heap before GC invocations=6 (full 0):
 garbage-first heap   total 78848K, used 49152K [0x00000000c1600000, 0x0000000100000000)
  region size 1024K, 24 young (24576K), 4 survivors (4096K)
 Metaspace       used 19017K, capacity 19591K, committed 19840K, reserved 1067008K
  class space    used 2119K, capacity 2350K, committed 2432K, reserved 1048576K
}
Event: 3.884 GC heap after
{Heap after GC invocations=7 (full 0):
 garbage-first heap   total 78848K, used 34816K [0x00000000c1600000, 0x0000000100000000)
  region size 1024K, 3 young (3072K), 3 survivors (3072K)
 Metaspace       used 19017K, capacity 19591K, committed 19840K, reserved 1067008K
  class space    used 2119K, capacity 2350K, committed 2432K, reserved 1048576K
}
Event: 4.676 GC heap before
{Heap before GC invocations=7 (full 0):
 garbage-first heap   total 78848K, used 36864K [0x00000000c1600000, 0x0000000100000000)
  region size 1024K, 6 young (6144K), 3 survivors (3072K)
 Metaspace       used 20630K, capacity 21175K, committed 21248K, reserved 1069056K
  class space    used 2286K, capacity 2516K, committed 2560K, reserved 1048576K
}
Event: 4.687 GC heap after
{Heap after GC invocations=8 (full 0):
 garbage-first heap   total 78848K, used 36344K [0x00000000c1600000, 0x0000000100000000)
  region size 1024K, 1 young (1024K), 1 survivors (1024K)
 Metaspace       used 20630K, capacity 21175K, committed 21248K, reserved 1069056K
  class space    used 2286K, capacity 2516K, committed 2560K, reserved 1048576K
}
Event: 6.248 GC heap before
{Heap before GC invocations=9 (full 0):
 garbage-first heap   total 78848K, used 48632K [0x00000000c1600000, 0x0000000100000000)
  region size 1024K, 14 young (14336K), 1 survivors (1024K)
 Metaspace       used 25639K, capacity 26338K, committed 26624K, reserved 1073152K
  class space    used 3005K, capacity 3285K, committed 3328K, reserved 1048576K
}
Event: 6.254 GC heap after
{Heap after GC invocations=10 (full 0):
 garbage-first heap   total 96256K, used 37888K [0x00000000c1600000, 0x0000000100000000)
  region size 1024K, 2 young (2048K), 2 survivors (2048K)
 Metaspace       used 25639K, capacity 26338K, committed 26624K, reserved 1073152K
  class space    used 3005K, capacity 3285K, committed 3328K, reserved 1048576K
}
Event: 8.446 GC heap before
{Heap before GC invocations=11 (full 0):
 garbage-first heap   total 96256K, used 61440K [0x00000000c1600000, 0x0000000100000000)
  region size 1024K, 23 young (23552K), 2 survivors (2048K)
 Metaspace       used 30816K, capacity 31884K, committed 32128K, reserved 1077248K
  class space    used 3746K, capacity 4158K, committed 4224K, reserved 1048576K
}
Event: 8.453 GC heap after
{Heap after GC invocations=12 (full 0):
 garbage-first heap   total 96256K, used 42138K [0x00000000c1600000, 0x0000000100000000)
  region size 1024K, 3 young (3072K), 3 survivors (3072K)
 Metaspace       used 30816K, capacity 31884K, committed 32128K, reserved 1077248K
  class space    used 3746K, capacity 4158K, committed 4224K, reserved 1048576K
}

